<?xml version="1.0" encoding="UTF-8"?>
<!-- Generated by org.testng.reporters.JUnitXMLReporter -->
<testsuite ignored="7" hostname="Sourabh" failures="0" tests="2" name="Test" time="60.555" errors="0" timestamp="2024-03-11T18:20:19 IST">
  <testcase classname="com.speckyfox.webtest.HiCareAppWeb" name="TC04_Verify_Login_WEB" time="12.538"/>
  <testcase classname="com.speckyfox.webtest.HiCareAppWeb" name="TC04_Verify_Login_WEB" time="22.464"/>
  <testcase classname="com.speckyfox.apitest.HicareAPITesting" name="TC002_createAudit" time="0.0">
    <ignored/>
  </testcase> <!-- TC002_createAudit -->
  <testcase classname="com.speckyfox.webtest.HiCareAppWeb" name="TC03_Verify_AddFrequency_WEB" time="0.0">
    <ignored/>
  </testcase> <!-- TC03_Verify_AddFrequency_WEB -->
  <testcase classname="com.speckyfox.webtest.HiCareAppWeb" name="TC01_Verify_User_Travelled_Location_WEB" time="0.0">
    <ignored/>
  </testcase> <!-- TC01_Verify_User_Travelled_Location_WEB -->
  <testcase classname="com.speckyfox.apitest.HicareAPITesting" name="TC001_HicareLogin_API" time="0.0">
    <ignored/>
  </testcase> <!-- TC001_HicareLogin_API -->
  <testcase classname="com.speckyfox.apitest.HicareAPITesting" name="TC003_unconfirmAudit" time="0.0">
    <ignored/>
  </testcase> <!-- TC003_unconfirmAudit -->
  <testcase classname="com.speckyfox.mobiletest.DemoTestMobile" name="OpenMobileInstance_MOBILE2" time="0.0">
    <ignored/>
  </testcase> <!-- OpenMobileInstance_MOBILE2 -->
  <testcase classname="com.speckyfox.mobiletest.DemoTestMobile" name="OpenMobileInstance_MOBILE" time="0.0">
    <ignored/>
  </testcase> <!-- OpenMobileInstance_MOBILE -->
</testsuite> <!-- Test -->
