<?xml version="1.0" encoding="UTF-8"?>
<testng-results ignored="7" total="9" passed="2" failed="0" skipped="0">
  <reporter-output>
  </reporter-output>
  <suite started-at="2024-03-11T18:19:18 IST" name="SpeckyfoxSuite" finished-at="2024-03-11T18:20:19 IST" duration-ms="60555">
    <groups>
    </groups>
    <test started-at="2024-03-11T18:19:18 IST" name="Test" finished-at="2024-03-11T18:20:19 IST" duration-ms="60555">
      <class name="com.speckyfox.mobiletest.DemoTestMobile">
        <test-method is-config="true" signature="serverClose()[pri:0, instance:com.speckyfox.mobiletest.DemoTestMobile@1a0f349]" started-at="2024-03-11T18:20:19 IST" name="serverClose" finished-at="2024-03-11T18:20:19 IST" duration-ms="0" status="PASS">
          <reporter-output>
          </reporter-output>
        </test-method> <!-- serverClose -->
      </class> <!-- com.speckyfox.mobiletest.DemoTestMobile -->
      <class name="com.speckyfox.webtest.HiCareAppWeb">
        <test-method is-config="true" signature="WebSetup(org.testng.ITestResult)[pri:0, instance:com.speckyfox.webtest.HiCareAppWeb@40c76f5a]" started-at="2024-03-11T18:19:18 IST" name="WebSetup" finished-at="2024-03-11T18:19:35 IST" duration-ms="16350" status="PASS">
          <params>
            <param index="0">
              <value>
                <![CDATA[[TestResult name={null} status=CREATED method=HiCareAppWeb.TC04_Verify_Login_WEB(java.lang.String,java.lang.String,java.lang.String,java.lang.String,java.lang.String)[pri:0, instance:com.speckyfox.webtest.HiCareAppWeb@40c76f5a] output={null}]]]>
              </value>
            </param>
          </params>
          <reporter-output>
          </reporter-output>
        </test-method> <!-- WebSetup -->
        <test-method signature="TC04_Verify_Login_WEB(java.lang.String,java.lang.String,java.lang.String,java.lang.String,java.lang.String)[pri:0, instance:com.speckyfox.webtest.HiCareAppWeb@40c76f5a]" started-at="2024-03-11T18:19:35 IST" name="TC04_Verify_Login_WEB" data-provider="dataProviderData" finished-at="2024-03-11T18:19:47 IST" duration-ms="12538" status="PASS">
          <params>
            <param index="0">
              <value>
                <![CDATA[1]]>
              </value>
            </param>
            <param index="1">
              <value>
                <![CDATA[Sourabh]]>
              </value>
            </param>
            <param index="2">
              <value>
                <![CDATA[saini]]>
              </value>
            </param>
            <param index="3">
              <value>
                <![CDATA[fail]]>
              </value>
            </param>
            <param index="4">
              <value>
                <![CDATA[Passed]]>
              </value>
            </param>
          </params>
          <reporter-output>
          </reporter-output>
        </test-method> <!-- TC04_Verify_Login_WEB -->
        <test-method is-config="true" signature="webTearDown(java.lang.reflect.Method,org.testng.ITestContext,org.testng.ITestResult)[pri:0, instance:com.speckyfox.webtest.HiCareAppWeb@40c76f5a]" started-at="2024-03-11T18:19:47 IST" name="webTearDown" finished-at="2024-03-11T18:19:50 IST" duration-ms="2656" status="PASS">
          <params>
            <param index="0">
              <value>
                <![CDATA[public void com.speckyfox.webtest.HiCareAppWeb.TC04_Verify_Login_WEB(java.lang.String,java.lang.String,java.lang.String,java.lang.String,java.lang.String)]]>
              </value>
            </param>
            <param index="1">
              <value>
                <![CDATA[org.testng.TestRunner@7dfab58d]]>
              </value>
            </param>
            <param index="2">
              <value>
                <![CDATA[[TestResult name=TC04_Verify_Login_WEB status=SUCCESS method=HiCareAppWeb.TC04_Verify_Login_WEB(java.lang.String,java.lang.String,java.lang.String,java.lang.String,java.lang.String)[pri:0, instance:com.speckyfox.webtest.HiCareAppWeb@40c76f5a] output={null}]]]>
              </value>
            </param>
          </params>
          <reporter-output>
          </reporter-output>
        </test-method> <!-- webTearDown -->
        <test-method is-config="true" signature="WebSetup(org.testng.ITestResult)[pri:0, instance:com.speckyfox.webtest.HiCareAppWeb@40c76f5a]" started-at="2024-03-11T18:19:50 IST" name="WebSetup" finished-at="2024-03-11T18:19:53 IST" duration-ms="3570" status="PASS">
          <params>
            <param index="0">
              <value>
                <![CDATA[[TestResult name={null} status=CREATED method=HiCareAppWeb.TC04_Verify_Login_WEB(java.lang.String,java.lang.String,java.lang.String,java.lang.String,java.lang.String)[pri:0, instance:com.speckyfox.webtest.HiCareAppWeb@40c76f5a] output={null}]]]>
              </value>
            </param>
          </params>
          <reporter-output>
          </reporter-output>
        </test-method> <!-- WebSetup -->
        <test-method signature="TC04_Verify_Login_WEB(java.lang.String,java.lang.String,java.lang.String,java.lang.String,java.lang.String)[pri:0, instance:com.speckyfox.webtest.HiCareAppWeb@40c76f5a]" started-at="2024-03-11T18:19:53 IST" name="TC04_Verify_Login_WEB" data-provider="dataProviderData" finished-at="2024-03-11T18:20:16 IST" duration-ms="22464" status="PASS">
          <params>
            <param index="0">
              <value>
                <![CDATA[2]]>
              </value>
            </param>
            <param index="1">
              <value>
                <![CDATA[akshay@speckyfox.com]]>
              </value>
            </param>
            <param index="2">
              <value>
                <![CDATA[User#2017]]>
              </value>
            </param>
            <param index="3">
              <value>
                <![CDATA[pass]]>
              </value>
            </param>
            <param index="4">
              <value>
                <![CDATA[Passed]]>
              </value>
            </param>
          </params>
          <reporter-output>
          </reporter-output>
        </test-method> <!-- TC04_Verify_Login_WEB -->
        <test-method is-config="true" signature="webTearDown(java.lang.reflect.Method,org.testng.ITestContext,org.testng.ITestResult)[pri:0, instance:com.speckyfox.webtest.HiCareAppWeb@40c76f5a]" started-at="2024-03-11T18:20:16 IST" name="webTearDown" finished-at="2024-03-11T18:20:19 IST" duration-ms="2695" status="PASS">
          <params>
            <param index="0">
              <value>
                <![CDATA[public void com.speckyfox.webtest.HiCareAppWeb.TC04_Verify_Login_WEB(java.lang.String,java.lang.String,java.lang.String,java.lang.String,java.lang.String)]]>
              </value>
            </param>
            <param index="1">
              <value>
                <![CDATA[org.testng.TestRunner@7dfab58d]]>
              </value>
            </param>
            <param index="2">
              <value>
                <![CDATA[[TestResult name=TC04_Verify_Login_WEB status=SUCCESS method=HiCareAppWeb.TC04_Verify_Login_WEB(java.lang.String,java.lang.String,java.lang.String,java.lang.String,java.lang.String)[pri:0, instance:com.speckyfox.webtest.HiCareAppWeb@40c76f5a] output={null}]]]>
              </value>
            </param>
          </params>
          <reporter-output>
          </reporter-output>
        </test-method> <!-- webTearDown -->
      </class> <!-- com.speckyfox.webtest.HiCareAppWeb -->
    </test> <!-- Test -->
  </suite> <!-- SpeckyfoxSuite -->
</testng-results>
